<?xml version="1.0" encoding="UTF-8"?>
<!-- Generated by org.testng.reporters.JUnitReportReporter -->
<testsuite hostname="DESKTOP-Q7KOQDL" failures="0" tests="1" name="com.cloud.testcases.Empcloud_Onboard_Test" time="59.532" errors="0" timestamp="2022-09-06T12:52:51 IST" skipped="0">
  <testcase classname="com.cloud.testcases.Empcloud_Onboard_Test" name="EmpCloud_OnboardEmployees_page" time="59.532"/>
  <system-out>
    <![CDATA[<B><font color = 'orange'> Step1 -</font> Logged into EmpCloud Web Application
<B><font color = 'orange'> Step2 -</font> clicked on Workobservability Page
<B><font color = 'orange'> Step3 -</font> clicked on OnboardEmployees Page
<B><font color = 'orange'> Step4 -</font> sent data into Empid one 
<B><font color = 'orange'> Step5 -</font> sent data into Employee_one_WorkEmail 
<B><font color = 'orange'> Step6 -</font> sent data into Employee_one_FirstName 
<B><font color = 'orange'> Step7 -</font> sent data into Employee_one_LastName 
<B><font color = 'orange'> Step8 -</font> Clicked on NextButton ]]>
  </system-out>
</testsuite> <!-- com.cloud.testcases.Empcloud_Onboard_Test -->
