<?xml version="1.0" encoding="UTF-8"?>
<!-- Generated by org.testng.reporters.JUnitReportReporter -->
<testsuite hostname="DESKTOP-Q7KOQDL" failures="0" tests="1" name="com.cloud.testcases.EmpCloud_Login_Test" time="11.427" errors="0" timestamp="2022-09-06T12:28:00 IST" skipped="0">
  <testcase classname="com.cloud.testcases.EmpCloud_Login_Test" name="EmpCloud_Login_Test" time="11.427"/>
  <system-out>
    <![CDATA[<B><font color = 'orange'> Step1 -</font> Logged into EmpCloud Web Application
<B><font color = 'orange'> Step2 -</font> I am on the page :Dashboard]]>
  </system-out>
</testsuite> <!-- com.cloud.testcases.EmpCloud_Login_Test -->
