<?xml version="1.0" encoding="UTF-8"?>
<!-- Generated by org.testng.reporters.JUnitReportReporter -->
<testsuite hostname="DESKTOP-Q7KOQDL" failures="0" tests="1" name="com.cloud.testcases.RegistrationTest" time="63.509" errors="0" timestamp="2022-08-05T10:07:58 IST" skipped="0">
  <testcase classname="com.cloud.testcases.RegistrationTest" name="EmpCloud_Dashbaord_page" time="63.509"/>
  <system-out>
    <![CDATA[<B><font color = 'orange'> Step1 -</font>Launched Emp cloud Page
<B><font color = 'orange'> Step2 -</font>Clicked on Try For Free Button
<B><font color = 'orange'> Step3 -</font>Clicked on Active Monitoring Button
<B><font color = 'orange'> Step4 -</font>Clicked on Continue For Free Button
<B><font color = 'orange'> Step5 -</font>Entered Email address
<B><font color = 'orange'> Step6 -</font>Entered First Name
<B><font color = 'orange'> Step7 -</font>Entered Last Name
<B><font color = 'orange'> Step8 -</font>Entered Password
<B><font color = 'orange'> Step9 -</font>Entered Confirm password
<B><font color = 'orange'> Step10 -</font>Entered CompanyName
<B><font color = 'orange'> Step11 -</font>Selected Team Size 1-10
<B><font color = 'orange'> Step12 -</font>Entered Phone Number
<B><font color = 'orange'> Step13 -</font>Selected Country india
<B><font color = 'orange'> Step14 -</font>Entered State name AndhraPradesh
<B><font color = 'orange'> Step15 -</font>Entered City Name Kurool 
<B><font color = 'orange'> Step16 -</font>Entered Zipcode
<B><font color = 'orange'> Step17 -</font>Clicked on Create Account Button]]>
  </system-out>
</testsuite> <!-- com.cloud.testcases.RegistrationTest -->
